#
# A fatal error has been detected by the Java Runtime Environment:
#
#  EXCEPTION_ACCESS_VIOLATION (0xc0000005) at pc=0x0000000060a7a6a5, pid=5440, tid=1244
#
# JRE version: Java(TM) SE Runtime Environment (8.0_31-b13) (build 1.8.0_31-b13)
# Java VM: Java HotSpot(TM) 64-Bit Server VM (25.31-b07 mixed mode windows-amd64 compressed oops)
# Problematic frame:
# V  [jvm.dll+0x11a6a5]
#
# Failed to write core dump. Minidumps are not enabled by default on client versions of Windows
#
# If you would like to submit a bug report, please visit:
#   http://bugreport.java.com/bugreport/crash.jsp
#

---------------  T H R E A D  ---------------

Current thread (0x0000000054aaf000):  JavaThread "JDWP Transport Listener: dt_socket" daemon [_thread_in_vm, id=1244, stack(0x0000000056950000,0x0000000056a50000)]

siginfo: ExceptionCode=0xc0000005, reading address 0xffffffffffffffff

Registers:
RAX=0x0000000056a4f201, RBX=0x0000000054aaf000, RCX=0x003b797274003b6e, RDX=0x0000000000000000
RSP=0x0000000056a4f1e0, RBP=0x003b797274003b6e, RSI=0x0000000056a4f2f8, RDI=0x0000000001c29450
R8 =0x0000000054aaf000, R9 =0x0000000000000700, R10=0x0000000000000000, R11=0x447498e9ffff0000
R12=0x0000000000000000, R13=0x0000000054aafac8, R14=0x0000000000000000, R15=0x0000000000000000
RIP=0x0000000060a7a6a5, EFLAGS=0x0000000000010202

Top of Stack: (sp=0x0000000056a4f1e0)
0x0000000056a4f1e0:   0000000054aaf000 0000000054aaf000
0x0000000056a4f1f0:   0000000056a4f2a8 0000000060c77c1b
0x0000000056a4f200:   0000000054aaf000 0000000060c9447d
0x0000000056a4f210:   0000000000000000 0000000071fa9149
0x0000000056a4f220:   0000000054a49e08 0000000071fb2912
0x0000000056a4f230:   0000000054aaf000 0000000000000000
0x0000000056a4f240:   0000000000000000 0000000000000000
0x0000000056a4f250:   003b797274003b6e 0000000071fb1a09
0x0000000056a4f260:   0000000056a4f2f8 0000000056a4f2d0
0x0000000056a4f270:   0000000000000001 0000000054a49e08
0x0000000056a4f280:   003b797274003b6e 0000000071f953b3
0x0000000056a4f290:   0000000056a4f3c0 0000000000000001
0x0000000056a4f2a0:   0000000000000001 0000000054a49e08
0x0000000056a4f2b0:   0000000000000009 0000000000000000
0x0000000056a4f2c0:   0000000000000000 0000000000000000
0x0000000056a4f2d0:   0000000000000001 0000000071f95571 

Instructions: (pc=0x0000000060a7a6a5)
0x0000000060a7a685:   cc cc cc cc cc cc cc cc cc cc cc 48 83 ec 28 48
0x0000000060a7a695:   85 c9 75 07 33 c0 48 83 c4 28 c3 48 89 5c 24 20
0x0000000060a7a6a5:   48 8b 19 48 85 db 74 20 48 83 fb 37 74 1a 48 8b
0x0000000060a7a6b5:   13 48 8b cb ff 52 10 84 c0 74 0d 48 8b c3 48 8b 


Register to memory mapping:

RAX=0x0000000056a4f201 is pointing into the stack for thread: 0x0000000054aaf000
RBX=0x0000000054aaf000 is a thread
RCX=0x003b797274003b6e is an unknown value
RDX=0x0000000000000000 is an unknown value
RSP=0x0000000056a4f1e0 is pointing into the stack for thread: 0x0000000054aaf000
RBP=0x003b797274003b6e is an unknown value
RSI=0x0000000056a4f2f8 is pointing into the stack for thread: 0x0000000054aaf000
RDI=0x0000000001c29450 is an unknown value
R8 =0x0000000054aaf000 is a thread
R9 =0x0000000000000700 is an unknown value
R10=0x0000000000000000 is an unknown value
R11=0x447498e9ffff0000 is an unknown value
R12=0x0000000000000000 is an unknown value
R13=0x0000000054aafac8 is an unknown value
R14=0x0000000000000000 is an unknown value
R15=0x0000000000000000 is an unknown value


Stack: [0x0000000056950000,0x0000000056a50000],  sp=0x0000000056a4f1e0,  free space=1020k
Native frames: (J=compiled Java code, j=interpreted, Vv=VM code, C=native code)
V  [jvm.dll+0x11a6a5]
V  [jvm.dll+0x33447d]
C  [jdwp.dll+0x21a09]
C  [jdwp.dll+0x53b3]
C  [jdwp.dll+0x5571]
C  [jdwp.dll+0xf09c]
C  [jdwp.dll+0x1f2c9]
C  [jdwp.dll+0x1f49e]
V  [jvm.dll+0x1ac128]
V  [jvm.dll+0x22c194]
V  [jvm.dll+0x28576a]
C  [msvcr100.dll+0x21d9f]
C  [msvcr100.dll+0x21e3b]
C  [kernel32.dll+0x159cd]
C  [ntdll.dll+0x2b981]


---------------  P R O C E S S  ---------------

Java Threads: ( => current thread )
  0x0000000056237000 JavaThread "Service Thread" daemon [_thread_blocked, id=3684, stack(0x0000000057170000,0x0000000057270000)]
  0x00000000561c6000 JavaThread "C1 CompilerThread2" daemon [_thread_blocked, id=5396, stack(0x0000000055d90000,0x0000000055e90000)]
  0x00000000561c0800 JavaThread "C2 CompilerThread1" daemon [_thread_blocked, id=5600, stack(0x0000000056ed0000,0x0000000056fd0000)]
  0x00000000561bb800 JavaThread "C2 CompilerThread0" daemon [_thread_blocked, id=5704, stack(0x0000000056b20000,0x0000000056c20000)]
  0x00000000561b9800 JavaThread "JDWP Command Reader" daemon [_thread_in_native, id=4964, stack(0x0000000056cd0000,0x0000000056dd0000)]
  0x00000000561ac800 JavaThread "JDWP Event Helper Thread" daemon [_thread_blocked, id=4012, stack(0x0000000055b50000,0x0000000055c50000)]
=>0x0000000054aaf000 JavaThread "JDWP Transport Listener: dt_socket" daemon [_thread_in_vm, id=1244, stack(0x0000000056950000,0x0000000056a50000)]
  0x0000000054aa6800 JavaThread "Attach Listener" daemon [_thread_blocked, id=6068, stack(0x00000000560a0000,0x00000000561a0000)]
  0x0000000054aa3000 JavaThread "Signal Dispatcher" daemon [_thread_blocked, id=3276, stack(0x0000000055eb0000,0x0000000055fb0000)]
  0x0000000054a43000 JavaThread "Finalizer" daemon [_thread_blocked, id=4264, stack(0x0000000055c80000,0x0000000055d80000)]
  0x0000000054a3a000 JavaThread "Reference Handler" daemon [_thread_blocked, id=5612, stack(0x00000000559e0000,0x0000000055ae0000)]
  0x0000000001c2f000 JavaThread "main" [_thread_blocked, id=5064, stack(0x0000000001d50000,0x0000000001e50000)]

Other Threads:
  0x0000000054a36000 VMThread [stack: 0x00000000558d0000,0x00000000559d0000] [id=5356]
  0x000000005623a000 WatcherThread [stack: 0x0000000057000000,0x0000000057100000] [id=3172]

VM state:not at safepoint (normal execution)

VM Mutex/Monitor currently owned by a thread: None

Heap:
 PSYoungGen      total 18432K, used 2231K [0x00000000eb980000, 0x00000000ece00000, 0x0000000100000000)
  eden space 15872K, 14% used [0x00000000eb980000,0x00000000ebbadc10,0x00000000ec900000)
  from space 2560K, 0% used [0x00000000ecb80000,0x00000000ecb80000,0x00000000ece00000)
  to   space 2560K, 0% used [0x00000000ec900000,0x00000000ec900000,0x00000000ecb80000)
 ParOldGen       total 42496K, used 0K [0x00000000c2c00000, 0x00000000c5580000, 0x00000000eb980000)
  object space 42496K, 0% used [0x00000000c2c00000,0x00000000c2c00000,0x00000000c5580000)
 Metaspace       used 4410K, capacity 5354K, committed 5632K, reserved 1056768K
  class space    used 446K, capacity 466K, committed 512K, reserved 1048576K

Card table byte_map: [0x00000000114e0000,0x00000000116d0000] byte_map_base: 0x0000000010eca000

Marking Bits: (ParMarkBitMap*) 0x000000006113d4f0
 Begin Bits: [0x0000000012020000, 0x0000000012f70000)
 End Bits:   [0x0000000012f70000, 0x0000000013ec0000)

Polling page: 0x0000000000310000

CodeCache: size=245760Kb used=1261Kb max_used=1261Kb free=244498Kb
 bounds [0x0000000002120000, 0x0000000002390000, 0x0000000011120000]
 total_blobs=344 nmethods=94 adapters=172
 compilation: enabled

Compilation events (10 events):
Event: 0.620 Thread 0x00000000561c6000   90       3       java.util.regex.Pattern$Dollar::match (209 bytes)
Event: 0.622 Thread 0x00000000561c6000 nmethod 90 0x0000000002259b90 code [0x0000000002259da0, 0x000000000225aa98]
Event: 0.622 Thread 0x00000000561c6000   93       3       java.lang.Character::charCount (12 bytes)
Event: 0.622 Thread 0x00000000561c6000 nmethod 93 0x00000000022560d0 code [0x0000000002256220, 0x00000000022563b0]
Event: 0.622 Thread 0x00000000561c6000   91       3       java.nio.Buffer::checkIndex (22 bytes)
Event: 0.623 Thread 0x00000000561c6000 nmethod 91 0x000000000225ae10 code [0x000000000225af80, 0x000000000225b1e8]
Event: 0.623 Thread 0x00000000561c6000   92       3       java.nio.Buffer::position (43 bytes)
Event: 0.623 Thread 0x00000000561c6000 nmethod 92 0x000000000225b2d0 code [0x000000000225b440, 0x000000000225b708]
Event: 957.724 Thread 0x00000000561c6000   94       3       java.util.concurrent.ConcurrentHashMap$Node::<init> (26 bytes)
Event: 957.725 Thread 0x00000000561c6000 nmethod 94 0x000000000225b7d0 code [0x000000000225b920, 0x000000000225bb10]

GC Heap History (0 events):
No events

Deoptimization events (0 events):
No events

Internal exceptions (10 events):
Event: 0.126 Thread 0x0000000001c2f000 Exception <a 'java/lang/NoSuchMethodError': Method sun.misc.Unsafe.prefetchRead(Ljava/lang/Object;J)V name or signature does not match> (0x00000000eb9922a0) thrown at [C:\workspace\8-2-build-windows-amd64-cygwin\jdk8u31\2394\hotspot\src\share\vm\prims\jni.јТМ¦GЩ?
Event: 0.395 Thread 0x0000000001c2f000 Exception <a 'java/security/PrivilegedActionException'> (0x00000000eba31200) thrown at [C:\workspace\8-2-build-windows-amd64-cygwin\jdk8u31\2394\hotspot\src\share\vm\prims\jvm.cpp, line 1312]
Event: 0.426 Thread 0x0000000001c2f000 Exception <a 'java/security/PrivilegedActionException'> (0x00000000eba3b980) thrown at [C:\workspace\8-2-build-windows-amd64-cygwin\jdk8u31\2394\hotspot\src\share\vm\prims\jvm.cpp, line 1312]
Event: 0.485 Thread 0x0000000001c2f000 Exception <a 'java/security/PrivilegedActionException'> (0x00000000ebb2b070) thrown at [C:\workspace\8-2-build-windows-amd64-cygwin\jdk8u31\2394\hotspot\src\share\vm\prims\jvm.cpp, line 1312]
Event: 0.546 Thread 0x0000000001c2f000 Exception <a 'java/security/PrivilegedActionException'> (0x00000000ebb531c0) thrown at [C:\workspace\8-2-build-windows-amd64-cygwin\jdk8u31\2394\hotspot\src\share\vm\prims\jvm.cpp, line 1312]
Event: 0.546 Thread 0x0000000001c2f000 Exception <a 'java/security/PrivilegedActionException'> (0x00000000ebb53508) thrown at [C:\workspace\8-2-build-windows-amd64-cygwin\jdk8u31\2394\hotspot\src\share\vm\prims\jvm.cpp, line 1312]
Event: 0.548 Thread 0x0000000001c2f000 Exception <a 'java/security/PrivilegedActionException'> (0x00000000ebb57190) thrown at [C:\workspace\8-2-build-windows-amd64-cygwin\jdk8u31\2394\hotspot\src\share\vm\prims\jvm.cpp, line 1312]
Event: 0.549 Thread 0x0000000001c2f000 Exception <a 'java/security/PrivilegedActionException'> (0x00000000ebb574d8) thrown at [C:\workspace\8-2-build-windows-amd64-cygwin\jdk8u31\2394\hotspot\src\share\vm\prims\jvm.cpp, line 1312]
Event: 0.582 Thread 0x0000000001c2f000 Exception <a 'java/security/PrivilegedActionException'> (0x00000000ebb76840) thrown at [C:\workspace\8-2-build-windows-amd64-cygwin\jdk8u31\2394\hotspot\src\share\vm\prims\jvm.cpp, line 1312]
Event: 0.583 Thread 0x0000000001c2f000 Exception <a 'java/security/PrivilegedActionException'> (0x00000000ebb77ec8) thrown at [C:\workspace\8-2-build-windows-amd64-cygwin\jdk8u31\2394\hotspot\src\share\vm\prims\jvm.cpp, line 1312]

Events (10 events):
Event: 2243.887 Executing VM operation: ChangeBreakpoints
Event: 2243.887 Executing VM operation: ChangeBreakpoints done
Event: 2384.414 Executing VM operation: RedefineClasses
Event: 2384.416 Executing VM operation: RedefineClasses done
Event: 2384.427 Executing VM operation: ChangeBreakpoints
Event: 2384.427 Executing VM operation: ChangeBreakpoints done
Event: 2384.436 Executing VM operation: ChangeBreakpoints
Event: 2384.437 Executing VM operation: ChangeBreakpoints done
Event: 2466.571 Executing VM operation: RedefineClasses
Event: 2466.572 Executing VM operation: RedefineClasses done


Dynamic libraries:
0x000000013f220000 - 0x000000013f254000 	C:\Program Files\Java\jre1.8.0_31\bin\javaw.exe
0x0000000076ee0000 - 0x0000000077089000 	C:\Windows\SYSTEM32\ntdll.dll
0x0000000076cc0000 - 0x0000000076ddf000 	C:\Windows\system32\kernel32.dll
0x000007fefcff0000 - 0x000007fefd05c000 	C:\Windows\system32\KERNELBASE.dll
0x000007fefd0d0000 - 0x000007fefd1ab000 	C:\Windows\system32\ADVAPI32.dll
0x000007fefd270000 - 0x000007fefd30f000 	C:\Windows\system32\msvcrt.dll
0x000007fefd250000 - 0x000007fefd26f000 	C:\Windows\SYSTEM32\sechost.dll
0x000007fefe8a0000 - 0x000007fefe9cd000 	C:\Windows\system32\RPCRT4.dll
0x0000000076de0000 - 0x0000000076eda000 	C:\Windows\system32\USER32.dll
0x000007fefd060000 - 0x000007fefd0c7000 	C:\Windows\system32\GDI32.dll
0x000007feff000000 - 0x000007feff00e000 	C:\Windows\system32\LPK.dll
0x000007fefef30000 - 0x000007fefeff9000 	C:\Windows\system32\USP10.dll
0x000007fefb5f0000 - 0x000007fefb7e4000 	C:\Windows\WinSxS\amd64_microsoft.windows.common-controls_6595b64144ccf1df_6.0.7601.18807_none_fa381d5f175bfb52\COMCTL32.dll
0x000007fefe190000 - 0x000007fefe201000 	C:\Windows\system32\SHLWAPI.dll
0x000007fefe210000 - 0x000007fefe23e000 	C:\Windows\system32\IMM32.DLL
0x000007fefe710000 - 0x000007fefe819000 	C:\Windows\system32\MSCTF.dll
0x0000000071fd0000 - 0x00000000720a2000 	C:\Program Files\Java\jre1.8.0_31\bin\msvcr100.dll
0x0000000060960000 - 0x00000000611ba000 	C:\Program Files\Java\jre1.8.0_31\bin\server\jvm.dll
0x000007fef3dd0000 - 0x000007fef3dd9000 	C:\Windows\system32\WSOCK32.dll
0x000007fefe6c0000 - 0x000007fefe70d000 	C:\Windows\system32\WS2_32.dll
0x000007fefe180000 - 0x000007fefe188000 	C:\Windows\system32\NSI.dll
0x000007fefa7b0000 - 0x000007fefa7eb000 	C:\Windows\system32\WINMM.dll
0x00000000770b0000 - 0x00000000770b7000 	C:\Windows\system32\PSAPI.DLL
0x0000000074900000 - 0x000000007490f000 	C:\Program Files\Java\jre1.8.0_31\bin\verify.dll
0x00000000724e0000 - 0x0000000072508000 	C:\Program Files\Java\jre1.8.0_31\bin\java.dll
0x0000000071f90000 - 0x0000000071fc5000 	C:\Program Files\Java\jre1.8.0_31\bin\jdwp.dll
0x0000000072d40000 - 0x0000000072d48000 	C:\Program Files\Java\jre1.8.0_31\bin\npt.dll
0x0000000072a00000 - 0x0000000072a16000 	C:\Program Files\Java\jre1.8.0_31\bin\zip.dll
0x000007fefd3f0000 - 0x000007fefe179000 	C:\Windows\system32\SHELL32.dll
0x000007fefe9d0000 - 0x000007fefebd3000 	C:\Windows\system32\ole32.dll
0x000007fefccb0000 - 0x000007fefccbf000 	C:\Windows\system32\profapi.dll
0x0000000072a80000 - 0x0000000072a89000 	C:\Program Files\Java\jre1.8.0_31\bin\dt_socket.dll
0x000007fefa680000 - 0x000007fefa695000 	C:\Windows\system32\NLAapi.dll
0x000007fef7ad0000 - 0x000007fef7ae5000 	C:\Windows\system32\napinsp.dll
0x000007fef7ab0000 - 0x000007fef7ac9000 	C:\Windows\system32\pnrpnsp.dll
0x000007fefc440000 - 0x000007fefc495000 	C:\Windows\System32\mswsock.dll
0x000007fefc2c0000 - 0x000007fefc31b000 	C:\Windows\system32\DNSAPI.dll
0x000007fef7aa0000 - 0x000007fef7aab000 	C:\Windows\System32\winrnr.dll
0x000007fef7980000 - 0x000007fef7990000 	C:\Windows\system32\wshbth.dll
0x000007fef9fc0000 - 0x000007fef9fe7000 	C:\Windows\system32\IPHLPAPI.DLL
0x000007fef9fb0000 - 0x000007fef9fbb000 	C:\Windows\system32\WINNSI.DLL
0x000007fef9e20000 - 0x000007fef9e73000 	C:\Windows\System32\fwpuclnt.dll
0x000007fef8220000 - 0x000007fef8228000 	C:\Windows\system32\rasadhlp.dll
0x000007fefbe60000 - 0x000007fefbe67000 	C:\Windows\System32\wshtcpip.dll
0x00000000723e0000 - 0x00000000723fa000 	C:\Program Files\Java\jre1.8.0_31\bin\net.dll
0x000007fefc430000 - 0x000007fefc437000 	C:\Windows\System32\wship6.dll
0x00000000723c0000 - 0x00000000723d1000 	C:\Program Files\Java\jre1.8.0_31\bin\nio.dll
0x000007fef3110000 - 0x000007fef3235000 	C:\Windows\system32\dbghelp.dll

VM Arguments:
jvm_args: -agentlib:jdwp=transport=dt_socket,suspend=y,address=localhost:55049 -Dfile.encoding=Cp1251 
java_command: testJava.Main
java_class_path (initial): C:\Users\Анастасия\workspace\testJava\bin;C:\Users\Анастасия\.m2\repository\info\debatty\java-string-similarity\0.0.1-SNAPSHOT\java-string-similarity-0.0.1-SNAPSHOT.jar;C:\Users\Анастасия\.m2\repository\info\debatty\java-string-similarity\0.10\java-string-similarity-0.10.jar
Launcher Type: SUN_STANDARD

Environment Variables:
JAVA_HOME=C:\Program Files\Java\jdk1.7.0_75
PATH=C:\ProgramData\Oracle\Java\javapath;C:\Program Files (x86)\Intel\iCLS Client\;C:\Program Files\Intel\iCLS Client\;C:\Windows\system32;C:\Windows;C:\Windows\System32\Wbem;C:\Windows\System32\WindowsPowerShell\v1.0\;C:\Program Files\Intel\Intel(R) Management Engine Components\DAL;C:\Program Files\Intel\Intel(R) Management Engine Components\IPT;C:\Program Files (x86)\Intel\Intel(R) Management Engine Components\DAL;C:\Program Files (x86)\Intel\Intel(R) Management Engine Components\IPT;C:\Program Files\Java\jdk1.7.0_75/bin;C:\uima\uimaj-2.6.0-bin\apache-uima\bin;C:\Program Files\apache-maven-3.2.5-bin\apache-maven-3.2.5\bin;C:\Program Files (x86)\Skype\Phone\;C:\Program Files (x86)\Git\bin
USERNAME=Анастасия
OS=Windows_NT
PROCESSOR_IDENTIFIER=Intel64 Family 6 Model 58 Stepping 9, GenuineIntel



---------------  S Y S T E M  ---------------

OS: Windows 7 , 64 bit Build 7601 Service Pack 1

CPU:total 4 (2 cores per cpu, 2 threads per core) family 6 model 58 stepping 9, cmov, cx8, fxsr, mmx, sse, sse2, sse3, ssse3, sse4.1, sse4.2, popcnt, avx, aes, clmul, erms, ht, tsc, tscinvbit, tscinv

Memory: 4k page, physical 4008300k(1382408k free), swap 8014764k(4410980k free)

vm_info: Java HotSpot(TM) 64-Bit Server VM (25.31-b07) for windows-amd64 JRE (1.8.0_31-b13), built on Dec 17 2014 21:00:28 by "java_re" with MS VC++ 10.0 (VS2010)

time: Sun May 17 23:48:17 2015
elapsed time: 2466 seconds (0d 0h 41m 6s)

